<?xml version="1.0" encoding="UTF-8"?>
<testsuite xmlns:xsi="http://www.w3.org/2001/XMLSchema-instance" xsi:schemaLocation="https://maven.apache.org/surefire/maven-surefire-plugin/xsd/surefire-test-report.xsd" name="TestSuite" time="44.26" tests="2" errors="0" skipped="0" failures="0">
  <properties>
[...]
</properties>
  <testcase name="logintest" classname="com.ebankingv1.testCases.Ebanking_TC1" time="6.359"/>
  <testcase name="newcustomer" classname="com.ebankingv1.testCases.Ebankingtc_03" time="29.644"/>
</testsuite>