<?xml version="1.0" encoding="UTF-8"?>
<testng-results ignored="0" total="2" passed="2" failed="0" skipped="0">
  <reporter-output>
  </reporter-output>
  <suite started-at="2024-01-23T11:53:11 IST" name="Suite" finished-at="2024-01-23T11:53:54 IST" duration-ms="43173">
    <groups>
    </groups>
    <test started-at="2024-01-23T11:53:11 IST" name="Test" finished-at="2024-01-23T11:53:54 IST" duration-ms="43173">
      <class name="com.ebankingv1.testCases.Ebanking_TC1">
        <test-method is-config="true" signature="setup(java.lang.String)[pri:0, instance:com.ebankingv1.testCases.Ebanking_TC1@49c386c8]" started-at="2024-01-23T11:53:11 IST" name="setup" finished-at="2024-01-23T11:53:16 IST" duration-ms="5107" status="PASS">
          <params>
            <param index="0">
              <value>
                <![CDATA[chrome]]>
              </value>
            </param>
          </params>
          <reporter-output>
          </reporter-output>
        </test-method> <!-- setup -->
        <test-method signature="logintest()[pri:0, instance:com.ebankingv1.testCases.Ebanking_TC1@49c386c8]" started-at="2024-01-23T11:53:16 IST" name="logintest" finished-at="2024-01-23T11:53:22 IST" duration-ms="6357" status="PASS">
          <reporter-output>
          </reporter-output>
        </test-method> <!-- logintest -->
      </class> <!-- com.ebankingv1.testCases.Ebanking_TC1 -->
      <class name="com.ebankingv1.testCases.Ebankingtc_03">
        <test-method is-config="true" signature="setup(java.lang.String)[pri:0, instance:com.ebankingv1.testCases.Ebankingtc_03@59d016c9]" started-at="2024-01-23T11:53:22 IST" name="setup" finished-at="2024-01-23T11:53:24 IST" duration-ms="2019" status="PASS">
          <params>
            <param index="0">
              <value>
                <![CDATA[chrome]]>
              </value>
            </param>
          </params>
          <reporter-output>
          </reporter-output>
        </test-method> <!-- setup -->
        <test-method signature="newcustomer()[pri:0, instance:com.ebankingv1.testCases.Ebankingtc_03@59d016c9]" started-at="2024-01-23T11:53:24 IST" name="newcustomer" finished-at="2024-01-23T11:53:54 IST" duration-ms="29639" status="PASS">
          <reporter-output>
          </reporter-output>
        </test-method> <!-- newcustomer -->
      </class> <!-- com.ebankingv1.testCases.Ebankingtc_03 -->
    </test> <!-- Test -->
  </suite> <!-- Suite -->
</testng-results>
